[32m2025-07-11 09:59:49 +0000[0m - dagster - [34mDEBUG[0m - __ASSET_JOB - 3afdb968-ddc6-4ac1-a6b9-f5b177a4c481 - 68531 - LOGS_CAPTURED - Started capturing logs in process (pid: 68531).
[32m2025-07-11 09:59:49 +0000[0m - dagster - [34mDEBUG[0m - __ASSET_JOB - 3afdb968-ddc6-4ac1-a6b9-f5b177a4c481 - 68531 - manhattan_map - STEP_START - Started execution of step "manhattan_map".
[32m2025-07-11 09:59:53 +0000[0m - dagster - [34mERROR[0m - [31m__ASSET_JOB - 3afdb968-ddc6-4ac1-a6b9-f5b177a4c481 - 68531 - manhattan_map - STEP_FAILURE - Execution of step "manhattan_map" failed.

dagster._core.errors.DagsterExecutionStepExecutionError: Error occurred while executing op "manhattan_map"::

NameError: name 'plt' is not defined

Stack Trace:
  File "/workspaces/project-dagster-university/dagster_university/dagster_essentials/.venv/lib/python3.12/site-packages/dagster/_core/execution/plan/utils.py", line 57, in op_execution_error_boundary
    yield
  File "/workspaces/project-dagster-university/dagster_university/dagster_essentials/.venv/lib/python3.12/site-packages/dagster/_utils/__init__.py", line 392, in iterate_with_context
    next_output = next(iterator)
                  ^^^^^^^^^^^^^^
  File "/workspaces/project-dagster-university/dagster_university/dagster_essentials/.venv/lib/python3.12/site-packages/dagster/_core/execution/plan/compute_generator.py", line 137, in _coerce_op_compute_fn_to_iterator
    result = invoke_compute_fn(
             ^^^^^^^^^^^^^^^^^^
  File "/workspaces/project-dagster-university/dagster_university/dagster_essentials/.venv/lib/python3.12/site-packages/dagster/_core/execution/plan/compute_generator.py", line 117, in invoke_compute_fn
    return fn(context, **args_to_pass) if context_arg_provided else fn(**args_to_pass)
                                                                    ^^^^^^^^^^^^^^^^^^
  File "/workspaces/project-dagster-university/dagster_university/dagster_essentials/src/dagster_essentials/defs/assets/metrics.py", line 42, in manhattan_map
    fig, ax = plt.subplots(figsize=(10, 10))
              ^^^
[0m
